#
# There is insufficient memory for the Java Runtime Environment to continue.
# Native memory allocation (malloc) failed to allocate 785456 bytes for Chunk::new
# Possible reasons:
#   The system is out of physical RAM or swap space
#   In 32 bit mode, the process size limit was hit
# Possible solutions:
#   Reduce memory load on the system
#   Increase physical memory or swap space
#   Check if swap backing store is full
#   Use 64 bit Java on a 64 bit OS
#   Decrease Java heap size (-Xmx/-Xms)
#   Decrease number of Java threads
#   Decrease Java thread stack sizes (-Xss)
#   Set larger code cache with -XX:ReservedCodeCacheSize=
# This output file may be truncated or incomplete.
#
#  Out of Memory Error (allocation.cpp:390), pid=5852, tid=0x0000000000001708
#
# JRE version: Java(TM) SE Runtime Environment (8.0_191-b12) (build 1.8.0_191-b12)
# Java VM: Java HotSpot(TM) 64-Bit Server VM (25.191-b12 mixed mode windows-amd64 compressed oops)
# Failed to write core dump. Minidumps are not enabled by default on client versions of Windows
#

---------------  T H R E A D  ---------------

Current thread (0x00000000565c8000):  JavaThread "C2 CompilerThread1" daemon [_thread_in_native, id=5896, stack(0x0000000058460000,0x0000000058560000)]

Stack: [0x0000000058460000,0x0000000058560000]
[error occurred during error reporting (printing stack bounds), id 0xc0000005]

Native frames: (J=compiled Java code, j=interpreted, Vv=VM code, C=native code)


Current CompileTask:
C2: 346069 9707 %     4       com.android.tools.r8.dex.DexParser::a @ 161 (1326 bytes)


---------------  P R O C E S S  ---------------

Java Threads: ( => current thread )
  0x0000000058e3d800 JavaThread "ForkJoinPool-3-worker-0" daemon [_thread_blocked, id=4152, stack(0x00000000675d0000,0x00000000676d0000)]
  0x0000000060464000 JavaThread "ForkJoinPool-3-worker-3" daemon [_thread_blocked, id=3480, stack(0x00000000673c0000,0x00000000674c0000)]
  0x0000000060464800 JavaThread "ForkJoinPool-3-worker-2" daemon [_thread_blocked, id=6532, stack(0x00000000612a0000,0x00000000613a0000)]
  0x0000000060463000 JavaThread "ForkJoinPool-3-worker-1" daemon [_thread_blocked, id=3824, stack(0x0000000066150000,0x0000000066250000)]
  0x0000000060462800 JavaThread "stdout" [_thread_in_native, id=6952, stack(0x0000000066be0000,0x0000000066ce0000)]
  0x0000000060461800 JavaThread "stderr" [_thread_in_native, id=4920, stack(0x0000000066fa0000,0x00000000670a0000)]
  0x0000000060461000 JavaThread "stdout" [_thread_in_native, id=6096, stack(0x0000000066ea0000,0x0000000066fa0000)]
  0x0000000060460000 JavaThread "stderr" [_thread_in_native, id=6112, stack(0x0000000066d60000,0x0000000066e60000)]
  0x000000006045f800 JavaThread "stdout" [_thread_in_native, id=1284, stack(0x0000000065ee0000,0x0000000065fe0000)]
  0x000000006045e800 JavaThread "stderr" [_thread_in_native, id=3996, stack(0x0000000066ae0000,0x0000000066be0000)]
  0x000000006045e000 JavaThread "pool-3-thread-1" [_thread_blocked, id=5264, stack(0x0000000066940000,0x0000000066a40000)]
  0x000000005c6d2000 JavaThread "Java2D Disposer" daemon [_thread_blocked, id=1688, stack(0x0000000066530000,0x0000000066630000)]
  0x000000005c6d1000 JavaThread "WorkerExecutor Queue Thread 5" [_thread_blocked, id=4572, stack(0x0000000066330000,0x0000000066430000)]
  0x000000005c6cf800 JavaThread "WorkerExecutor Queue Thread 3" [_thread_blocked, id=3392, stack(0x0000000065ff0000,0x00000000660f0000)]
  0x000000005f5b7800 JavaThread "WorkerExecutor Queue Thread 2" [_thread_in_native, id=744, stack(0x0000000065dd0000,0x0000000065ed0000)]
  0x000000005f5b7000 JavaThread "WorkerExecutor Queue" [_thread_blocked, id=3372, stack(0x00000000633d0000,0x00000000634d0000)]
  0x000000005f5b6000 JavaThread "Cache worker for execution history cache (C:\Users\Navami\AndroidStudioProjects\DataFetching\.gradle\5.4.1\executionHistory)" [_thread_blocked, id=2352, stack(0x0000000061cd0000,0x0000000061dd0000)]
  0x000000005f5b5800 JavaThread "Execution worker for ':' Thread 3" [_thread_blocked, id=3720, stack(0x0000000064820000,0x0000000064920000)]
  0x000000005f5b4800 JavaThread "Execution worker for ':' Thread 2" [_thread_in_native, id=5096, stack(0x0000000064710000,0x0000000064810000)]
  0x000000005f5b4000 JavaThread "Execution worker for ':'" [_thread_blocked, id=4236, stack(0x00000000645c0000,0x00000000646c0000)]
  0x000000005f5b3000 JavaThread "Cache worker for file content cache (C:\Users\Navami\AndroidStudioProjects\DataFetching\.gradle\5.4.1\fileContent)" [_thread_blocked, id=6896, stack(0x00000000632a0000,0x00000000633a0000)]
  0x000000005f5b2800 JavaThread "Cache worker for file content cache (C:\Users\Navami\.gradle\caches\5.4.1\fileContent)" [_thread_blocked, id=6788, stack(0x0000000063190000,0x0000000063290000)]
  0x000000005f5b1800 JavaThread "Cache worker for Build Output Cleanup Cache (C:\Users\Navami\AndroidStudioProjects\DataFetching\.gradle\buildOutputCleanup)" [_thread_blocked, id=1216, stack(0x0000000063090000,0x0000000063190000)]
  0x000000005f5b1000 JavaThread "Build operations Thread 4" [_thread_blocked, id=3348, stack(0x000000005cd70000,0x000000005ce70000)]
  0x0000000058e4a000 JavaThread "Build operations Thread 3" [_thread_blocked, id=1884, stack(0x0000000062ec0000,0x0000000062fc0000)]
  0x0000000058e48800 JavaThread "Build operations Thread 2" [_thread_blocked, id=3528, stack(0x0000000062cd0000,0x0000000062dd0000)]
  0x0000000058e47000 JavaThread "Build operations" [_thread_blocked, id=4976, stack(0x000000005fac0000,0x000000005fbc0000)]
  0x0000000058e48000 JavaThread "Cache worker for cache directory md-rule (C:\Users\Navami\.gradle\caches\5.4.1\md-rule)" [_thread_blocked, id=6828, stack(0x0000000061540000,0x0000000061640000)]
  0x0000000058e45800 JavaThread "Cache worker for cache directory md-supplier (C:\Users\Navami\.gradle\caches\5.4.1\md-supplier)" [_thread_blocked, id=6644, stack(0x000000005a9e0000,0x000000005aae0000)]
  0x0000000058e49800 JavaThread "Cache worker for file hash cache (C:\Users\Navami\AndroidStudioProjects\DataFetching\.gradle\5.4.1\fileHashes)" [_thread_blocked, id=992, stack(0x000000005e3d0000,0x000000005e4d0000)]
  0x0000000058e40800 JavaThread "Thread-32" [_thread_blocked, id=1200, stack(0x00000000613e0000,0x00000000614e0000)]
  0x0000000058e43800 JavaThread "Asynchronous log dispatcher for DefaultDaemonConnection: socket connection from /127.0.0.1:52322 to /127.0.0.1:52331" [_thread_blocked, id=1700, stack(0x000000005de60000,0x000000005df60000)]
  0x0000000058e42800 JavaThread "Daemon worker Thread 2" [_thread_blocked, id=5232, stack(0x0000000058170000,0x0000000058270000)]
  0x0000000058e44000 JavaThread "Cancel handler" [_thread_blocked, id=3244, stack(0x0000000059290000,0x0000000059390000)]
  0x0000000058e45000 JavaThread "Handler for socket connection from /127.0.0.1:52322 to /127.0.0.1:52331" [_thread_in_native, id=3912, stack(0x000000005a450000,0x000000005a550000)]
  0x0000000058e41000 JavaThread "Daemon Thread 2" [_thread_blocked, id=5972, stack(0x000000005b080000,0x000000005b180000)]
  0x0000000058e46800 JavaThread "Memory manager" [_thread_blocked, id=3208, stack(0x000000005b270000,0x000000005b370000)]
  0x0000000058e42000 JavaThread "Cache worker for execution history cache (C:\Users\Navami\.gradle\caches\5.4.1\executionHistory)" [_thread_blocked, id=6920, stack(0x000000005fe10000,0x000000005ff10000)]
  0x0000000058e3c800 JavaThread "Cache worker for journal cache (C:\Users\Navami\.gradle\caches\journal-1)" [_thread_blocked, id=1828, stack(0x000000005b720000,0x000000005b820000)]
  0x0000000058e3c000 JavaThread "File lock request listener" [_thread_in_native, id=3184, stack(0x000000005b820000,0x000000005b920000)]
  0x0000000058e3b000 JavaThread "Cache worker for file hash cache (C:\Users\Navami\.gradle\caches\5.4.1\fileHashes)" [_thread_blocked, id=2028, stack(0x000000005b620000,0x000000005b720000)]
  0x00000000591bd000 JavaThread "Daemon periodic checks" [_thread_blocked, id=7124, stack(0x000000005aae0000,0x000000005abe0000)]
  0x00000000591b8800 JavaThread "Incoming local TCP Connector on port 52322" [_thread_in_native, id=4240, stack(0x000000005a8d0000,0x000000005a9d0000)]
  0x0000000059c64000 JavaThread "Daemon health stats" [_thread_blocked, id=7084, stack(0x000000005a550000,0x000000005a650000)]
  0x00000000579e5000 JavaThread "Service Thread" daemon [_thread_blocked, id=4148, stack(0x0000000058840000,0x0000000058940000)]
  0x00000000565ca000 JavaThread "C1 CompilerThread2" daemon [_thread_blocked, id=6152, stack(0x0000000058650000,0x0000000058750000)]
=>0x00000000565c8000 JavaThread "C2 CompilerThread1" daemon [_thread_in_native, id=5896, stack(0x0000000058460000,0x0000000058560000)]
  0x00000000579d7000 JavaThread "C2 CompilerThread0" daemon [_thread_in_native, id=1496, stack(0x0000000058270000,0x0000000058370000)]
  0x00000000579d0800 JavaThread "Attach Listener" daemon [_thread_blocked, id=3792, stack(0x0000000058070000,0x0000000058170000)]
  0x00000000565c7000 JavaThread "Signal Dispatcher" daemon [_thread_blocked, id=4320, stack(0x0000000057e20000,0x0000000057f20000)]
  0x00000000565aa000 JavaThread "Finalizer" daemon [_thread_blocked, id=4752, stack(0x0000000057630000,0x0000000057730000)]
  0x00000000565a3000 JavaThread "Reference Handler" daemon [_thread_blocked, id=1172, stack(0x00000000578d0000,0x00000000579d0000)]
  0x0000000002178000 JavaThread "main" [_thread_blocked, id=6792, stack(0x0000000002560000,0x0000000002660000)]

Other Threads:
  0x000000005655b800 VMThread [stack: 0x0000000057740000,0x0000000057840000] [id=3128]
  0x00000000565cf000 WatcherThread [stack: 0x0000000058990000,0x0000000058a90000] [id=5268]

VM state:not at safepoint (normal execution)

VM Mutex/Monitor currently owned by a thread: None

Heap:
 PSYoungGen      total 40960K, used 28402K [0x00000000e0000000, 0x00000000e3d80000, 0x0000000100000000)
  eden space 28672K, 58% used [0x00000000e0000000,0x00000000e103e590,0x00000000e1c00000)
  from space 12288K, 95% used [0x00000000e1c00000,0x00000000e277e330,0x00000000e2800000)
  to   space 14336K, 0% used [0x00000000e2f80000,0x00000000e2f80000,0x00000000e3d80000)
 ParOldGen       total 75776K, used 57907K [0x00000000a0000000, 0x00000000a4a00000, 0x00000000e0000000)
  object space 75776K, 76% used [0x00000000a0000000,0x00000000a388ccb8,0x00000000a4a00000)
 Metaspace       used 72038K, capacity 74402K, committed 74496K, reserved 1114112K
  class space    used 9709K, capacity 10227K, committed 10240K, reserved 1048576K

Card table byte_map: [0x0000000011cf0000,0x0000000012000000] byte_map_base: 0x00000000117f0000

Marking Bits: (ParMarkBitMap*) 0x000000006ddd3e30
 Begin Bits: [0x00000000128d0000, 0x00000000140d0000)
 End Bits:   [0x00000000140d0000, 0x00000000158d0000)

Polling page: 0x0000000000130000

CodeCache: size=245760Kb used=27343Kb max_used=27344Kb free=218416Kb
 bounds [0x0000000002930000, 0x0000000004410000, 0x0000000011930000]
 total_blobs=9375 nmethods=8474 adapters=813
 compilation: enabled

Compilation events (10 events):
Event: 345.856 Thread 0x00000000565ca000 9851       2       com.android.tools.r8.graph.DexProgramClass::o (2 bytes)
Event: 345.856 Thread 0x00000000565ca000 nmethod 9851 0x0000000004401950 code [0x0000000004401aa0, 0x0000000004401bf0]
Event: 345.856 Thread 0x00000000565ca000 9852  s    2       com.android.tools.r8.graph.DexApplication$Builder::addProgramClass (16 bytes)
Event: 345.857 Thread 0x00000000565ca000 nmethod 9852 0x0000000004401410 code [0x0000000004401580, 0x0000000004401878]
Event: 345.857 Thread 0x00000000565ca000 9853       2       com.android.tools.r8.graph.LazyLoadedDexApplication$Builder::d (5 bytes)
Event: 345.857 Thread 0x00000000565ca000 nmethod 9853 0x00000000044010d0 code [0x0000000004401220, 0x0000000004401370]
Event: 345.858 Thread 0x00000000565ca000 9854       2       com.android.tools.r8.utils.Q$$Lambda$417/989740992::get$Lambda (9 bytes)
Event: 345.859 Thread 0x00000000565ca000 nmethod 9854 0x0000000004400d50 code [0x0000000004400ea0, 0x0000000004401030]
Event: 345.859 Thread 0x00000000565ca000 9855   !   2       java.util.concurrent.ConcurrentHashMap::merge (526 bytes)
Event: 345.860 Thread 0x00000000565ca000 nmethod 9855 0x00000000043fea50 code [0x00000000043fecc0, 0x00000000043ffca8]

GC Heap History (10 events):
Event: 319.863 GC heap before
{Heap before GC invocations=47 (full 4):
 PSYoungGen      total 32256K, used 23048K [0x00000000e0000000, 0x00000000e2a00000, 0x0000000100000000)
  eden space 21504K, 100% used [0x00000000e0000000,0x00000000e1500000,0x00000000e1500000)
  from space 10752K, 14% used [0x00000000e1f80000,0x00000000e2102020,0x00000000e2a00000)
  to   space 10752K, 0% used [0x00000000e1500000,0x00000000e1500000,0x00000000e1f80000)
 ParOldGen       total 75776K, used 45271K [0x00000000a0000000, 0x00000000a4a00000, 0x00000000e0000000)
  object space 75776K, 59% used [0x00000000a0000000,0x00000000a2c35f98,0x00000000a4a00000)
 Metaspace       used 67835K, capacity 69914K, committed 70016K, reserved 1110016K
  class space    used 9055K, capacity 9541K, committed 9600K, reserved 1048576K
Event: 319.867 GC heap after
Heap after GC invocations=47 (full 4):
 PSYoungGen      total 32256K, used 2064K [0x00000000e0000000, 0x00000000e2d80000, 0x0000000100000000)
  eden space 21504K, 0% used [0x00000000e0000000,0x00000000e0000000,0x00000000e1500000)
  from space 10752K, 19% used [0x00000000e1500000,0x00000000e1704050,0x00000000e1f80000)
  to   space 10240K, 0% used [0x00000000e2380000,0x00000000e2380000,0x00000000e2d80000)
 ParOldGen       total 75776K, used 46071K [0x00000000a0000000, 0x00000000a4a00000, 0x00000000e0000000)
  object space 75776K, 60% used [0x00000000a0000000,0x00000000a2cfdf20,0x00000000a4a00000)
 Metaspace       used 67835K, capacity 69914K, committed 70016K, reserved 1110016K
  class space    used 9055K, capacity 9541K, committed 9600K, reserved 1048576K
}
Event: 324.895 GC heap before
{Heap before GC invocations=48 (full 4):
 PSYoungGen      total 32256K, used 23568K [0x00000000e0000000, 0x00000000e2d80000, 0x0000000100000000)
  eden space 21504K, 100% used [0x00000000e0000000,0x00000000e1500000,0x00000000e1500000)
  from space 10752K, 19% used [0x00000000e1500000,0x00000000e1704050,0x00000000e1f80000)
  to   space 10240K, 0% used [0x00000000e2380000,0x00000000e2380000,0x00000000e2d80000)
 ParOldGen       total 75776K, used 46071K [0x00000000a0000000, 0x00000000a4a00000, 0x00000000e0000000)
  object space 75776K, 60% used [0x00000000a0000000,0x00000000a2cfdf20,0x00000000a4a00000)
 Metaspace       used 68692K, capacity 70776K, committed 70912K, reserved 1110016K
  class space    used 9163K, capacity 9650K, committed 9728K, reserved 1048576K
Event: 324.907 GC heap after
Heap after GC invocations=48 (full 4):
 PSYoungGen      total 36352K, used 1525K [0x00000000e0000000, 0x00000000e2d80000, 0x0000000100000000)
  eden space 26112K, 0% used [0x00000000e0000000,0x00000000e0000000,0x00000000e1980000)
  from space 10240K, 14% used [0x00000000e2380000,0x00000000e24fd458,0x00000000e2d80000)
  to   space 10240K, 0% used [0x00000000e1980000,0x00000000e1980000,0x00000000e2380000)
 ParOldGen       total 75776K, used 47351K [0x00000000a0000000, 0x00000000a4a00000, 0x00000000e0000000)
  object space 75776K, 62% used [0x00000000a0000000,0x00000000a2e3dc68,0x00000000a4a00000)
 Metaspace       used 68692K, capacity 70776K, committed 70912K, reserved 1110016K
  class space    used 9163K, capacity 9650K, committed 9728K, reserved 1048576K
}
Event: 332.521 GC heap before
{Heap before GC invocations=49 (full 4):
 PSYoungGen      total 36352K, used 27637K [0x00000000e0000000, 0x00000000e2d80000, 0x0000000100000000)
  eden space 26112K, 100% used [0x00000000e0000000,0x00000000e1980000,0x00000000e1980000)
  from space 10240K, 14% used [0x00000000e2380000,0x00000000e24fd458,0x00000000e2d80000)
  to   space 10240K, 0% used [0x00000000e1980000,0x00000000e1980000,0x00000000e2380000)
 ParOldGen       total 75776K, used 47351K [0x00000000a0000000, 0x00000000a4a00000, 0x00000000e0000000)
  object space 75776K, 62% used [0x00000000a0000000,0x00000000a2e3dc68,0x00000000a4a00000)
 Metaspace       used 68984K, capacity 71158K, committed 71424K, reserved 1112064K
  class space    used 9193K, capacity 9687K, committed 9728K, reserved 1048576K
Event: 332.525 GC heap after
Heap after GC invocations=49 (full 4):
 PSYoungGen      total 36352K, used 1760K [0x00000000e0000000, 0x00000000e3180000, 0x0000000100000000)
  eden space 26112K, 0% used [0x00000000e0000000,0x00000000e0000000,0x00000000e1980000)
  from space 10240K, 17% used [0x00000000e1980000,0x00000000e1b38030,0x00000000e2380000)
  to   space 9728K, 0% used [0x00000000e2800000,0x00000000e2800000,0x00000000e3180000)
 ParOldGen       total 75776K, used 47891K [0x00000000a0000000, 0x00000000a4a00000, 0x00000000e0000000)
  object space 75776K, 63% used [0x00000000a0000000,0x00000000a2ec4c88,0x00000000a4a00000)
 Metaspace       used 68984K, capacity 71158K, committed 71424K, reserved 1112064K
  class space    used 9193K, capacity 9687K, committed 9728K, reserved 1048576K
}
Event: 341.298 GC heap before
{Heap before GC invocations=50 (full 4):
 PSYoungGen      total 36352K, used 27872K [0x00000000e0000000, 0x00000000e3180000, 0x0000000100000000)
  eden space 26112K, 100% used [0x00000000e0000000,0x00000000e1980000,0x00000000e1980000)
  from space 10240K, 17% used [0x00000000e1980000,0x00000000e1b38030,0x00000000e2380000)
  to   space 9728K, 0% used [0x00000000e2800000,0x00000000e2800000,0x00000000e3180000)
 ParOldGen       total 75776K, used 47891K [0x00000000a0000000, 0x00000000a4a00000, 0x00000000e0000000)
  object space 75776K, 63% used [0x00000000a0000000,0x00000000a2ec4c88,0x00000000a4a00000)
 Metaspace       used 70494K, capacity 72738K, committed 72960K, reserved 1112064K
  class space    used 9418K, capacity 9933K, committed 9984K, reserved 1048576K
Event: 341.305 GC heap after
Heap after GC invocations=50 (full 4):
 PSYoungGen      total 38400K, used 9715K [0x00000000e0000000, 0x00000000e3680000, 0x0000000100000000)
  eden space 28672K, 0% used [0x00000000e0000000,0x00000000e0000000,0x00000000e1c00000)
  from space 9728K, 99% used [0x00000000e2800000,0x00000000e317cc18,0x00000000e3180000)
  to   space 12288K, 0% used [0x00000000e1c00000,0x00000000e1c00000,0x00000000e2800000)
 ParOldGen       total 75776K, used 49596K [0x00000000a0000000, 0x00000000a4a00000, 0x00000000e0000000)
  object space 75776K, 65% used [0x00000000a0000000,0x00000000a306f148,0x00000000a4a00000)
 Metaspace       used 70494K, capacity 72738K, committed 72960K, reserved 1112064K
  class space    used 9418K, capacity 9933K, committed 9984K, reserved 1048576K
}
Event: 345.731 GC heap before
{Heap before GC invocations=51 (full 4):
 PSYoungGen      total 38400K, used 38387K [0x00000000e0000000, 0x00000000e3680000, 0x0000000100000000)
  eden space 28672K, 100% used [0x00000000e0000000,0x00000000e1c00000,0x00000000e1c00000)
  from space 9728K, 99% used [0x00000000e2800000,0x00000000e317cc18,0x00000000e3180000)
  to   space 12288K, 0% used [0x00000000e1c00000,0x00000000e1c00000,0x00000000e2800000)
 ParOldGen       total 75776K, used 49596K [0x00000000a0000000, 0x00000000a4a00000, 0x00000000e0000000)
  object space 75776K, 65% used [0x00000000a0000000,0x00000000a306f148,0x00000000a4a00000)
 Metaspace       used 71934K, capacity 74256K, committed 74496K, reserved 1114112K
  class space    used 9707K, capacity 10226K, committed 10240K, reserved 1048576K
Event: 345.762 GC heap after
Heap after GC invocations=51 (full 4):
 PSYoungGen      total 40960K, used 11768K [0x00000000e0000000, 0x00000000e3d80000, 0x0000000100000000)
  eden space 28672K, 0% used [0x00000000e0000000,0x00000000e0000000,0x00000000e1c00000)
  from space 12288K, 95% used [0x00000000e1c00000,0x00000000e277e330,0x00000000e2800000)
  to   space 14336K, 0% used [0x00000000e2f80000,0x00000000e2f80000,0x00000000e3d80000)
 ParOldGen       total 75776K, used 57907K [0x00000000a0000000, 0x00000000a4a00000, 0x00000000e0000000)
  object space 75776K, 76% used [0x00000000a0000000,0x00000000a388ccb8,0x00000000a4a00000)
 Metaspace       used 71934K, capacity 74256K, committed 74496K, reserved 1114112K
  class space    used 9707K, capacity 10226K, committed 10240K, reserved 1048576K
}

Deoptimization events (10 events):
Event: 341.501 Thread 0x0000000058e3d800 Uncommon trap: reason=class_check action=maybe_recompile pc=0x00000000040a6508 method=com.android.tools.r8.dex.DexParser.a(ILjava/util/function/Supplier;)Ljava/lang/Object; @ 33
Event: 341.502 Thread 0x0000000060463000 Uncommon trap: reason=class_check action=maybe_recompile pc=0x00000000040a6508 method=com.android.tools.r8.dex.DexParser.a(ILjava/util/function/Supplier;)Ljava/lang/Object; @ 33
Event: 341.747 Thread 0x000000005f5b7800 Uncommon trap: reason=unstable_if action=reinterpret pc=0x0000000003b29650 method=java.nio.Bits.putInt(Ljava/nio/ByteBuffer;IIZ)V @ 1
Event: 344.550 Thread 0x0000000060463000 Uncommon trap: reason=unstable_if action=reinterpret pc=0x000000000306e570 method=java.util.Arrays.hashCode([Ljava/lang/Object;)I @ 1
Event: 344.550 Thread 0x0000000058e3d800 Uncommon trap: reason=unstable_if action=reinterpret pc=0x000000000306e570 method=java.util.Arrays.hashCode([Ljava/lang/Object;)I @ 1
Event: 344.550 Thread 0x0000000060464000 Uncommon trap: reason=unstable_if action=reinterpret pc=0x000000000306e570 method=java.util.Arrays.hashCode([Ljava/lang/Object;)I @ 1
Event: 344.550 Thread 0x0000000060464800 Uncommon trap: reason=unstable_if action=reinterpret pc=0x000000000306e570 method=java.util.Arrays.hashCode([Ljava/lang/Object;)I @ 1
Event: 345.558 Thread 0x0000000060464800 Uncommon trap: reason=unstable_if action=reinterpret pc=0x00000000042a691c method=com.android.tools.r8.dex.DexParser.a(ILjava/util/function/Supplier;)Ljava/lang/Object; @ 1
Event: 345.786 Thread 0x0000000060463000 Uncommon trap: reason=unstable_if action=reinterpret pc=0x000000000423b5c0 method=com.android.tools.r8.utils.t.a(I)Z @ 45
Event: 345.787 Thread 0x0000000060464800 Uncommon trap: reason=unloaded action=reinterpret pc=0x00000000043474b4 method=com.android.tools.r8.code.InstructionFactory.readSequenceFrom(Ljava/nio/ShortBuffer;IILcom/android/tools/r8/graph/OffsetToObjectMapping;)[Lcom/android/tools/r8/code/Instruction

Classes redefined (0 events):
No events

Internal exceptions (10 events):
Event: 318.796 Thread 0x000000005c6d1000 Implicit null exception at 0x00000000036d150d to 0x00000000036d27f5
Event: 323.906 Thread 0x000000005f5b4000 Exception <a 'sun/nio/fs/WindowsException'> (0x00000000e10d9490) thrown at [C:\re\workspace\8-2-build-windows-amd64-cygwin\jdk8u191\11896\hotspot\src\share\vm\prims\jni.cpp, line 709]
Event: 326.825 Thread 0x0000000060464000 Exception <a 'java/lang/NoSuchMethodError': java.lang.Object.lambda$static$0(Ljava/lang/String;)Z> (0x00000000e067e660) thrown at [C:\re\workspace\8-2-build-windows-amd64-cygwin\jdk8u191\11896\hotspot\src\share\vm\interpreter\linkResolver.cpp, line 620]
Event: 332.234 Thread 0x000000005f5b4000 Exception <a 'java/lang/NoSuchMethodError': <clinit>> (0x00000000e16a3c28) thrown at [C:\re\workspace\8-2-build-windows-amd64-cygwin\jdk8u191\11896\hotspot\src\share\vm\prims\jni.cpp, line 1613]
Event: 336.398 Thread 0x000000005f5b7800 Exception <a 'sun/nio/fs/WindowsException'> (0x00000000e07d2f58) thrown at [C:\re\workspace\8-2-build-windows-amd64-cygwin\jdk8u191\11896\hotspot\src\share\vm\prims\jni.cpp, line 709]
Event: 339.443 Thread 0x000000005f5b7800 Exception <a 'java/lang/NoSuchMethodError': java.lang.Object.lambda$identity$2(Ljava/lang/Object;)Ljava/lang/Object;> (0x00000000e0bd6a68) thrown at [C:\re\workspace\8-2-build-windows-amd64-cygwin\jdk8u191\11896\hotspot\src\share\vm\interpreter\linkResolv
Event: 344.550 Thread 0x0000000060463000 Implicit null exception at 0x000000000306e46f to 0x000000000306e561
Event: 344.550 Thread 0x0000000058e3d800 Implicit null exception at 0x000000000306e46f to 0x000000000306e561
Event: 344.550 Thread 0x0000000060464000 Implicit null exception at 0x000000000306e46f to 0x000000000306e561
Event: 344.550 Thread 0x0000000060464800 Implicit null exception at 0x000000000306e46f to 0x000000000306e561

Events (10 events):
Event: 345.857 loading class com/android/tools/r8/utils/q
Event: 345.857 loading class com/android/tools/r8/utils/q done
Event: 345.858 loading class com/android/tools/r8/utils/C
Event: 345.858 loading class com/android/tools/r8/utils/C done
Event: 345.858 loading class com/android/tools/r8/dex/ApplicationReader$b
Event: 345.858 loading class com/android/tools/r8/dex/ApplicationReader$b done
Event: 345.858 loading class com/android/tools/r8/dex/ApplicationReader$b
Event: 345.858 loading class com/android/tools/r8/dex/ApplicationReader$b done
Event: 345.861 loading class com/android/tools/r8/ir/conversion/IRConverter
Event: 345.861 loading class com/android/tools/r8/ir/conversion/IRConverter done


Dynamic libraries:
0x000000013f060000 - 0x000000013f097000 	C:\Program Files\Java\jdk1.8.0_191\bin\java.exe
0x0000000076cd0000 - 0x0000000076e6f000 	C:\Windows\SYSTEM32\ntdll.dll
0x0000000076ab0000 - 0x0000000076bcf000 	C:\Windows\system32\kernel32.dll
0x000007fefcb60000 - 0x000007fefcbc7000 	C:\Windows\system32\KERNELBASE.dll
0x000007fefeee0000 - 0x000007fefefbb000 	C:\Windows\system32\ADVAPI32.dll
0x000007fefd0c0000 - 0x000007fefd15f000 	C:\Windows\system32\msvcrt.dll
0x000007fefdca0000 - 0x000007fefdcbf000 	C:\Windows\SYSTEM32\sechost.dll
0x000007fefddb0000 - 0x000007fefdedc000 	C:\Windows\system32\RPCRT4.dll
0x0000000076bd0000 - 0x0000000076cca000 	C:\Windows\system32\USER32.dll
0x000007fefcd80000 - 0x000007fefcde7000 	C:\Windows\system32\GDI32.dll
0x000007fefecf0000 - 0x000007fefecfe000 	C:\Windows\system32\LPK.dll
0x000007fefdce0000 - 0x000007fefddab000 	C:\Windows\system32\USP10.dll
0x000007fefae00000 - 0x000007fefaff5000 	C:\Windows\WinSxS\amd64_microsoft.windows.common-controls_6595b64144ccf1df_6.0.7601.24483_none_e372d88f30fbb845\COMCTL32.dll
0x000007fefcd00000 - 0x000007fefcd71000 	C:\Windows\system32\SHLWAPI.dll
0x000007fefdc10000 - 0x000007fefdc3e000 	C:\Windows\system32\IMM32.DLL
0x000007fefcbf0000 - 0x000007fefccfb000 	C:\Windows\system32\MSCTF.dll
0x000000006de60000 - 0x000000006df32000 	C:\Program Files\Java\jdk1.8.0_191\jre\bin\msvcr100.dll
0x000000006d5b0000 - 0x000000006de54000 	C:\Program Files\Java\jdk1.8.0_191\jre\bin\server\jvm.dll
0x000007fee13a0000 - 0x000007fee13a9000 	C:\Windows\system32\WSOCK32.dll
0x000007fefd6f0000 - 0x000007fefd73d000 	C:\Windows\system32\WS2_32.dll
0x000007fefcbe0000 - 0x000007fefcbe8000 	C:\Windows\system32\NSI.dll
0x000007fefa220000 - 0x000007fefa25b000 	C:\Windows\system32\WINMM.dll
0x000007fefb900000 - 0x000007fefb90c000 	C:\Windows\system32\VERSION.dll
0x0000000076e70000 - 0x0000000076e77000 	C:\Windows\system32\PSAPI.DLL
0x00000000736d0000 - 0x00000000736df000 	C:\Program Files\Java\jdk1.8.0_191\jre\bin\verify.dll
0x00000000722b0000 - 0x00000000722d9000 	C:\Program Files\Java\jdk1.8.0_191\jre\bin\java.dll
0x0000000073620000 - 0x0000000073636000 	C:\Program Files\Java\jdk1.8.0_191\jre\bin\zip.dll
0x000007fefdee0000 - 0x000007fefec6b000 	C:\Windows\system32\SHELL32.dll
0x000007fefd970000 - 0x000007fefdb6f000 	C:\Windows\system32\ole32.dll
0x000007fefc820000 - 0x000007fefc82f000 	C:\Windows\system32\profapi.dll
0x0000000071fd0000 - 0x0000000071fea000 	C:\Program Files\Java\jdk1.8.0_191\jre\bin\net.dll
0x000007fefbf60000 - 0x000007fefbfb5000 	C:\Windows\system32\mswsock.dll
0x000007fefbf50000 - 0x000007fefbf57000 	C:\Windows\System32\wship6.dll
0x0000000071fb0000 - 0x0000000071fc1000 	C:\Program Files\Java\jdk1.8.0_191\jre\bin\nio.dll
0x000007fedfff0000 - 0x000007fee0016000 	C:\Users\Navami\.gradle\native\29\windows-amd64\native-platform.dll
0x000007fef4a00000 - 0x000007fef4a03000 	C:\Windows\system32\api-ms-win-core-synch-l1-2-0.DLL
0x0000000073500000 - 0x000000007350d000 	C:\Program Files\Java\jdk1.8.0_191\jre\bin\management.dll
0x000007fefbfc0000 - 0x000007fefbfd8000 	C:\Windows\system32\CRYPTSP.dll
0x000007fefbcc0000 - 0x000007fefbd07000 	C:\Windows\system32\rsaenh.dll
0x000007fefcb30000 - 0x000007fefcb4f000 	C:\Windows\system32\USERENV.dll
0x000007fefc680000 - 0x000007fefc68f000 	C:\Windows\system32\CRYPTBASE.dll
0x000007fefa4b0000 - 0x000007fefa4d7000 	C:\Windows\system32\IPHLPAPI.DLL
0x000007fefa4a0000 - 0x000007fefa4ab000 	C:\Windows\system32\WINNSI.DLL
0x000007fefa2d0000 - 0x000007fefa2e1000 	C:\Windows\system32\dhcpcsvc6.DLL
0x000007fefa2b0000 - 0x000007fefa2c8000 	C:\Windows\system32\dhcpcsvc.DLL
0x000000006c5f0000 - 0x000000006c789000 	C:\Program Files\Java\jdk1.8.0_191\jre\bin\awt.dll
0x000007fefd610000 - 0x000007fefd6eb000 	C:\Windows\system32\OLEAUT32.dll
0x000007fefa1c0000 - 0x000007fefa1d8000 	C:\Windows\system32\DWMAPI.DLL
0x0000000071d60000 - 0x0000000071d8a000 	C:\Program Files\Java\jdk1.8.0_191\jre\bin\dcpr.dll
0x000007fefc620000 - 0x000007fefc677000 	C:\Windows\system32\apphelp.dll

VM Arguments:
jvm_args: -Xmx1536m -Dfile.encoding=windows-1252 -Duser.country=US -Duser.language=en -Duser.variant 
java_command: org.gradle.launcher.daemon.bootstrap.GradleDaemon 5.4.1
java_class_path (initial): C:\Users\Navami\.gradle\wrapper\dists\gradle-5.4.1-all\3221gyojl5jsh0helicew7rwx\gradle-5.4.1\lib\gradle-launcher-5.4.1.jar
Launcher Type: SUN_STANDARD

Environment Variables:
JAVA_HOME=C:\Program Files\Java\jdk1.8.0_191
JRE_HOME=C:\Program Files\Java\jre1.8.0_211
CLASSPATH=.
PATH=C:\Program Files (x86)\Common Files\Oracle\Java\javapath;C:\Windows\system32;C:\Windows;C:\Windows\System32\Wbem;C:\Windows\System32\WindowsPowerShell\v1.0\;C:\Program Files\TortoiseSVN\bin;C:\Rovr\;C:\Rovr\RovrAPP\Git\Git\cmd;C:\Program Files\Java\jdk1.8.0_191\bin;C:\Program Files\apache-maven-3.6.2-bin\apache-maven-3.6.2\bin;C:\Users\Navami\AppData\Local\Android\Sdk\platform-tools;C:\Users\Navami\AppData\Local\Android\Sdk\tools;C:\apache-tomcat-9.0.26\bin;C:\Program Files\PuTTY\;C:\Gradle\gradle-6.0-all\gradle-6.0\bin;C:\Users\Navami\AppData\Roaming\npm;C:\Rovr\RovrAPP\VScode\Microsoft VS Code\bin;C:\Users\Navami\.android;C:\Users\Navami\.android\avd;
USERNAME=Navami
OS=Windows_NT
PROCESSOR_IDENTIFIER=Intel64 Family 6 Model 60 Stepping 3, GenuineIntel



---------------  S Y S T E M  ---------------

OS: Windows 7 , 64 bit Build 7601 (6.1.7601.24535)

CPU:total 4 (initial active 4) (4 cores per cpu, 1 threads per core) family 6 model 60 stepping 3, cmov, cx8, fxsr, mmx, sse, sse2, sse3, ssse3, sse4.1, sse4.2, popcnt, avx, avx2, aes, clmul, erms, lzcnt, tsc, tscinvbit, bmi1, bmi2

Memory: 4k page, physical 6160504k(456880k free), swap 24640116k(5516k free)

vm_info: Java HotSpot(TM) 64-Bit Server VM (25.191-b12) for windows-amd64 JRE (1.8.0_191-b12), built on Oct  6 2018 09:29:03 by "java_re" with MS VC++ 10.0 (VS2010)

time: Thu Nov 21 10:38:33 2019
elapsed time: 345 seconds (0d 0h 5m 45s)

